<?xml version="1.0" encoding="UTF-8"?>
<!-- Generated by org.testng.reporters.JUnitXMLReporter -->
<testsuite ignored="0" hostname="Mosab" failures="0" tests="13" name="Default test" time="91.443" errors="0" timestamp="2024-11-04T23:39:24 EET">
  <testcase classname="MyTestCases" name="radioButtons" time="0.119"/>
  <testcase classname="MyTestCases" name="dynamicDropDown" time="1.13"/>
  <testcase classname="MyTestCases" name="select" time="0.103"/>
  <testcase classname="MyTestCases" name="checkBox" time="0.216"/>
  <testcase classname="MyTestCases" name="openWindow" time="8.421"/>
  <testcase classname="MyTestCases" name="switchTabs" time="9.837"/>
  <testcase classname="MyTestCases" name="switchALERT" time="5.169"/>
  <testcase classname="MyTestCases" name="TableExample" time="3.178"/>
  <testcase classname="MyTestCases" name="elementDisplayed" time="5.221"/>
  <testcase classname="MyTestCases" name="enabled_Disabled" time="3.214"/>
  <testcase classname="MyTestCases" name="mouseHover" time="14.46"/>
  <testcase classname="MyTestCases" name="calendar" time="16.994"/>
  <testcase classname="MyTestCases" name="iFrame" time="10.281"/>
</testsuite> <!-- Default test -->
