<?xml version="1.0" encoding="UTF-8"?>
<!-- Generated by org.testng.reporters.JUnitXMLReporter -->
<testsuite ignored="2" hostname="Mosab" failures="0" tests="1" name="Default test" time="13.382" errors="0" timestamp="2024-11-01T14:31:51 EET">
  <testcase classname="MyTestCases" name="select" time="0.121"/>
  <testcase classname="MyTestCases" name="RadioButtons" time="0.0">
    <ignored/>
  </testcase> <!-- RadioButtons -->
  <testcase classname="MyTestCases" name="DynamicDropDown" time="0.0">
    <ignored/>
  </testcase> <!-- DynamicDropDown -->
</testsuite> <!-- Default test -->
