<?xml version="1.0" encoding="UTF-8"?>
<testng-results ignored="2" total="3" passed="1" failed="0" skipped="0">
  <reporter-output>
  </reporter-output>
  <suite started-at="2024-11-01T14:31:37 EET" name="Default suite" finished-at="2024-11-01T14:31:50 EET" duration-ms="13382">
    <groups>
    </groups>
    <test started-at="2024-11-01T14:31:37 EET" name="Default test" finished-at="2024-11-01T14:31:50 EET" duration-ms="13382">
      <class name="MyTestCases">
        <test-method is-config="true" signature="mysetup()[pri:0, instance:MyTestCases@18920cc]" started-at="2024-11-01T14:31:37 EET" name="mysetup" finished-at="2024-11-01T14:31:50 EET" duration-ms="13224" status="PASS">
          <reporter-output>
          </reporter-output>
        </test-method> <!-- mysetup -->
        <test-method signature="select()[pri:3, instance:MyTestCases@18920cc]" started-at="2024-11-01T14:31:50 EET" name="select" finished-at="2024-11-01T14:31:50 EET" duration-ms="121" status="PASS">
          <reporter-output>
          </reporter-output>
        </test-method> <!-- select -->
      </class> <!-- MyTestCases -->
    </test> <!-- Default test -->
  </suite> <!-- Default suite -->
</testng-results>
